<?xml version='1.0' encoding='UTF-8'?>
<testsuite hostname="runnervm3ublj" name="game.PerkSystemTest" tests="10" errors="0" failures="0" skipped="0" time="0.157" timestamp="2025-09-26T11:08:16">
          <properties>
      <property name="java.specification.version" value="17"/><property name="sun.jnu.encoding" value="UTF-8"/><property name="sun.arch.data.model" value="64"/><property name="java.vendor.url" value="https://adoptium.net/"/><property name="sun.boot.library.path" value="/usr/lib/jvm/temurin-17-jdk-amd64/lib"/><property name="sun.java.command" value="/home/runner/.cache/coursier/arc/https/github.com/sbt/sbt/releases/download/v1.11.6/sbt-1.11.6.zip/sbt/bin/sbt-launch.jar test"/><property name="jdk.debug" value="release"/><property name="java.specification.vendor" value="Oracle Corporation"/><property name="java.version.date" value="2025-07-15"/><property name="java.home" value="/usr/lib/jvm/temurin-17-jdk-amd64"/><property name="file.separator" value="/"/><property name="java.vm.compressedOopsMode" value="32-bit"/><property name="line.separator" value="
"/><property name="java.vm.specification.vendor" value="Oracle Corporation"/><property name="java.specification.name" value="Java Platform API Specification"/><property name="sun.management.compiler" value="HotSpot 64-Bit Tiered Compilers"/><property name="java.runtime.version" value="17.0.16+8"/><property name="user.name" value="runner"/><property name="log4j.ignoreTCL" value="true"/><property name="file.encoding" value="UTF-8"/><property name="jnidispatch.path" value="/home/runner/.cache/JNA/temp/jna190549079843537656.tmp"/><property name="java.vendor.version" value="Temurin-17.0.16+8"/><property name="jna.loaded" value="true"/><property name="java.io.tmpdir" value="/tmp"/><property name="java.version" value="17.0.16"/><property name="java.vm.specification.name" value="Java Virtual Machine Specification"/><property name="native.encoding" value="UTF-8"/><property name="java.library.path" value="/usr/java/packages/lib:/usr/lib64:/lib64:/lib:/usr/lib"/><property name="java.vendor" value="Eclipse Adoptium"/><property name="java.specification.maintenance.version" value="1"/><property name="scala.ext.dirs" value="/home/runner/.sbt/1.0/java9-rt-ext-eclipse_adoptium_17_0_16"/><property name="sun.io.unicode.encoding" value="UnicodeLittle"/><property name="java.class.path" value="/home/runner/.cache/coursier/arc/https/github.com/sbt/sbt/releases/download/v1.11.6/sbt-1.11.6.zip/sbt/bin/sbt-launch.jar"/><property name="java.vm.vendor" value="Eclipse Adoptium"/><property name="jline.shutdownhook" value="false"/><property name="user.timezone" value="Etc/UTC"/><property name="java.vm.specification.version" value="17"/><property name="os.name" value="Linux"/><property name="sun.java.launcher" value="SUN_STANDARD"/><property name="sun.cpu.endian" value="little"/><property name="user.home" value="/home/runner"/><property name="user.language" value="en"/><property name="sbt.script" value="/home/runner/.cache/coursier/arc/https/github.com/sbt/sbt/releases/download/v1.11.6/sbt-1.11.6.zip/sbt/bin/sbt"/><property name="sbt.ipcsocket.tmpdir" value="/run/user/1001/.sbte6558b62/ipcsocket"/><property name="swoval.tmpdir" value="/run/user/1001/.sbte6558b62/swoval"/><property name="jline.esc.timeout" value="0"/><property name="path.separator" value=":"/><property name="os.version" value="6.11.0-1018-azure"/><property name="jna.nosys" value="true"/><property name="java.runtime.name" value="OpenJDK Runtime Environment"/><property name="java.vm.name" value="OpenJDK 64-Bit Server VM"/><property name="jna.platform.library.path" value="/usr/lib/x86_64-linux-gnu:/lib/x86_64-linux-gnu:/usr/lib64:/lib64:/usr/lib:/lib:/lib32:/usr/local/lib:/usr/lib/x86_64-linux-gnu/libfakeroot"/><property name="java.vendor.url.bug" value="https://github.com/adoptium/adoptium-support/issues"/><property name="user.dir" value="/home/runner/work/scala-roguelike-2025/scala-roguelike-2025"/><property name="os.arch" value="amd64"/><property name="java.vm.info" value="mixed mode, sharing"/><property name="java.vm.version" value="17.0.16+8"/><property name="java.class.version" value="61.0"/>
    </properties>
          <testcase classname="game.PerkSystemTest" name="Basic perks are always available at level up" time="0.012">
                      
                    </testcase><testcase classname="game.PerkSystemTest" name="Random perk selection returns exactly 3 perks when more are available" time="0.002">
                      
                    </testcase><testcase classname="game.PerkSystemTest" name="Already owned perks are not offered again" time="0.002">
                      
                    </testcase><testcase classname="game.PerkSystemTest" name="Battle Hardened perk becomes available after taking damage" time="0.007">
                      
                    </testcase><testcase classname="game.PerkSystemTest" name="Improved Fortification requires level 3 and Fortified perk" time="0.002">
                      
                    </testcase><testcase classname="game.PerkSystemTest" name="Slime Bane perk becomes available after killing slimes" time="0.003">
                      
                    </testcase><testcase classname="game.PerkSystemTest" name="Bow Mastery perk becomes available after bow usage" time="0.005">
                      
                    </testcase><testcase classname="game.PerkSystemTest" name="Scroll Mastery perk becomes available after scroll usage" time="0.006">
                      
                    </testcase><testcase classname="game.PerkSystemTest" name="Perk requirements check all conditions correctly" time="0.001">
                      
                    </testcase><testcase classname="game.PerkSystemTest" name="Leveling up shows random selection of available perks" time="0.117">
                      
                    </testcase>
          <system-out><![CDATA[]]></system-out>
          <system-err><![CDATA[]]></system-err>
        </testsuite>