<?xml version='1.0' encoding='UTF-8'?>
<testsuite hostname="runnervmf4ws1" name="comprehensive.FinalComprehensiveGameTest" tests="17" errors="0" failures="0" skipped="0" time="0.331" timestamp="2025-09-18T10:01:32">
          <properties>
      <property name="java.specification.version" value="17"/><property name="sun.jnu.encoding" value="UTF-8"/><property name="sun.arch.data.model" value="64"/><property name="java.vendor.url" value="https://adoptium.net/"/><property name="sun.boot.library.path" value="/usr/lib/jvm/temurin-17-jdk-amd64/lib"/><property name="sun.java.command" value="/home/runner/.cache/coursier/arc/https/github.com/sbt/sbt/releases/download/v1.11.6/sbt-1.11.6.zip/sbt/bin/sbt-launch.jar test"/><property name="jdk.debug" value="release"/><property name="java.specification.vendor" value="Oracle Corporation"/><property name="java.version.date" value="2025-07-15"/><property name="java.home" value="/usr/lib/jvm/temurin-17-jdk-amd64"/><property name="file.separator" value="/"/><property name="java.vm.compressedOopsMode" value="32-bit"/><property name="line.separator" value="
"/><property name="java.vm.specification.vendor" value="Oracle Corporation"/><property name="java.specification.name" value="Java Platform API Specification"/><property name="sun.management.compiler" value="HotSpot 64-Bit Tiered Compilers"/><property name="java.runtime.version" value="17.0.16+8"/><property name="user.name" value="runner"/><property name="log4j.ignoreTCL" value="true"/><property name="file.encoding" value="UTF-8"/><property name="jnidispatch.path" value="/home/runner/.cache/JNA/temp/jna13741063778290383963.tmp"/><property name="java.vendor.version" value="Temurin-17.0.16+8"/><property name="jna.loaded" value="true"/><property name="java.io.tmpdir" value="/tmp"/><property name="java.version" value="17.0.16"/><property name="java.vm.specification.name" value="Java Virtual Machine Specification"/><property name="native.encoding" value="UTF-8"/><property name="java.library.path" value="/usr/java/packages/lib:/usr/lib64:/lib64:/lib:/usr/lib"/><property name="java.vendor" value="Eclipse Adoptium"/><property name="java.specification.maintenance.version" value="1"/><property name="scala.ext.dirs" value="/home/runner/.sbt/1.0/java9-rt-ext-eclipse_adoptium_17_0_16"/><property name="sun.io.unicode.encoding" value="UnicodeLittle"/><property name="java.class.path" value="/home/runner/.cache/coursier/arc/https/github.com/sbt/sbt/releases/download/v1.11.6/sbt-1.11.6.zip/sbt/bin/sbt-launch.jar"/><property name="java.vm.vendor" value="Eclipse Adoptium"/><property name="jline.shutdownhook" value="false"/><property name="user.timezone" value="Etc/UTC"/><property name="java.vm.specification.version" value="17"/><property name="os.name" value="Linux"/><property name="sun.java.launcher" value="SUN_STANDARD"/><property name="sun.cpu.endian" value="little"/><property name="user.home" value="/home/runner"/><property name="user.language" value="en"/><property name="sbt.script" value="/home/runner/.cache/coursier/arc/https/github.com/sbt/sbt/releases/download/v1.11.6/sbt-1.11.6.zip/sbt/bin/sbt"/><property name="sbt.ipcsocket.tmpdir" value="/run/user/1001/.sbte6558b62/ipcsocket"/><property name="swoval.tmpdir" value="/run/user/1001/.sbte6558b62/swoval"/><property name="jline.esc.timeout" value="0"/><property name="path.separator" value=":"/><property name="os.version" value="6.11.0-1018-azure"/><property name="jna.nosys" value="true"/><property name="java.runtime.name" value="OpenJDK Runtime Environment"/><property name="java.vm.name" value="OpenJDK 64-Bit Server VM"/><property name="jna.platform.library.path" value="/usr/lib/x86_64-linux-gnu:/lib/x86_64-linux-gnu:/usr/lib64:/lib64:/usr/lib:/lib:/lib32:/usr/local/lib:/usr/lib/x86_64-linux-gnu/libfakeroot"/><property name="java.vendor.url.bug" value="https://github.com/adoptium/adoptium-support/issues"/><property name="user.dir" value="/home/runner/work/scala-roguelike-2025/scala-roguelike-2025"/><property name="os.arch" value="amd64"/><property name="java.vm.info" value="mixed mode, sharing"/><property name="java.vm.version" value="17.0.16+8"/><property name="java.class.version" value="61.0"/>
    </properties>
          <testcase classname="comprehensive.FinalComprehensiveGameTest" name="Player movement system works correctly" time="0.071">
                      
                    </testcase><testcase classname="comprehensive.FinalComprehensiveGameTest" name="Player movement with collision detection" time="0.052">
                      
                    </testcase><testcase classname="comprehensive.FinalComprehensiveGameTest" name="Initiative system controls turn order" time="0.007">
                      
                    </testcase><testcase classname="comprehensive.FinalComprehensiveGameTest" name="Player readiness determines action capability" time="0.01">
                      
                    </testcase><testcase classname="comprehensive.FinalComprehensiveGameTest" name="Potion usage heals player correctly" time="0.012">
                      
                    </testcase><testcase classname="comprehensive.FinalComprehensiveGameTest" name="Multiple potions and full health scenarios" time="0.013">
                      
                    </testcase><testcase classname="comprehensive.FinalComprehensiveGameTest" name="Bow and arrow ranged combat" time="0.039">
                      
                    </testcase><testcase classname="comprehensive.FinalComprehensiveGameTest" name="Fireball scroll area damage" time="0.04">
                      
                    </testcase><testcase classname="comprehensive.FinalComprehensiveGameTest" name="Experience gain from enemy defeats" time="0.002">
                      
                    </testcase><testcase classname="comprehensive.FinalComprehensiveGameTest" name="Leveling up and perk selection" time="0.006">
                      
                    </testcase><testcase classname="comprehensive.FinalComprehensiveGameTest" name="Key collection and door opening" time="0.016">
                      
                    </testcase><testcase classname="comprehensive.FinalComprehensiveGameTest" name="Equipment system: equipping armor provides damage reduction" time="0.011">
                      
                    </testcase><testcase classname="comprehensive.FinalComprehensiveGameTest" name="Item pickup and usage workflow: find potion, pick it up, then use it" time="0.004">
                      
                    </testcase><testcase classname="comprehensive.FinalComprehensiveGameTest" name="Complex equipment and item workflow: equip armor then use healing item" time="0.011">
                      
                    </testcase><testcase classname="comprehensive.FinalComprehensiveGameTest" name="Complete gameplay workflow: heal, fight, level, unlock" time="0.012">
                      
                    </testcase><testcase classname="comprehensive.FinalComprehensiveGameTest" name="Game stability under rapid actions" time="0.022">
                      
                    </testcase><testcase classname="comprehensive.FinalComprehensiveGameTest" name="Empty inventory and edge case handling" time="0.003">
                      
                    </testcase>
          <system-out><![CDATA[]]></system-out>
          <system-err><![CDATA[]]></system-err>
        </testsuite>